XianJinDai101/ruishua/build/outputs/logs/manifest-merger-release-report.txt
-- Merging decision tree log ---
manifest
ADDED from src\main\AndroidManifest.xml:2:1-680:12
	package
		ADDED from src\main\AndroidManifest.xml:4:5-38
	android:versionName
		INJECTED from src\main\AndroidManifest.xml
		INJECTED from src\main\AndroidManifest.xml
	xmlns:tools
		ADDED from src\main\AndroidManifest.xml:3:5-51
	xmlns:android
		ADDED from src\main\AndroidManifest.xml:2:11-69
	android:versionCode
		INJECTED from src\main\AndroidManifest.xml
		INJECTED from src\main\AndroidManifest.xml
uses-permission#android.permission.READ_PHONE_STATE
ADDED from src\main\AndroidManifest.xml:7:5-75
MERGED from [:libdevfp-release:] AndroidManifest.xml:12:5-75
MERGED from [com.sobot.chat:sobotsdk:2.3.0] AndroidManifest.xml:12:5-75
	android:name
		ADDED from src\main\AndroidManifest.xml:7:22-72
uses-permission#android.permission.CHANGE_WIFI_STATE
ADDED from src\main\AndroidManifest.xml:9:5-76
	android:name
		ADDED from src\main\AndroidManifest.xml:9:22-73
uses-permission#android.permission.ACCESS_NETWORK_STATE
ADDED from src\main\AndroidManifest.xml:12:5-79
MERGED from [com.sobot.chat:sobotsdk:2.3.0] AndroidManifest.xml:14:5-79
	android:name
		ADDED from src\main\AndroidManifest.xml:12:22-76
uses-permission#android.permission.INTERNET
ADDED from src\main\AndroidManifest.xml:13:5-67
MERGED from [:libdevfp-release:] AndroidManifest.xml:11:5-67
MERGED from [com.sobot.chat:sobotsdk:2.3.0] AndroidManifest.xml:10:5-67
	android:name
		ADDED from src\main\AndroidManifest.xml:13:22-64
uses-permission#android.permission.ACCESS_WIFI_STATE
ADDED from src\main\AndroidManifest.xml:14:5-76
MERGED from [com.sobot.chat:sobotsdk:2.3.0] AndroidManifest.xml:15:5-76
	android:name
		ADDED from src\main\AndroidManifest.xml:14:22-73
uses-permission#android.permission.WRITE_EXTERNAL_STORAGE
ADDED from src\main\AndroidManifest.xml:17:5-81
MERGED from [:ExBankCardSDK:] AndroidManifest.xml:14:5-81
MERGED from [:ExIDCardSDK:] AndroidManifest.xml:14:5-81
MERGED from [cn.bingoogolapple:bga-photopicker:1.2.3] AndroidManifest.xml:11:5-81
MERGED from [com.sobot.chat:sobotsdk:2.3.0] AndroidManifest.xml:11:5-81
	android:name
		ADDED from src\main\AndroidManifest.xml:17:22-78
uses-permission#android.permission.WRITE_SETTINGS
ADDED from src\main\AndroidManifest.xml:18:5-73
	android:name
		ADDED from src\main\AndroidManifest.xml:18:22-70
uses-permission#android.permission.CALL_PHONE
ADDED from src\main\AndroidManifest.xml:21:5-69
	android:name
		ADDED from src\main\AndroidManifest.xml:21:22-66
uses-permission#android.permission.READ_EXTERNAL_STORAGE
ADDED from src\main\AndroidManifest.xml:22:5-80
MERGED from [:libdevfp-release:] AndroidManifest.xml:15:5-80
	android:name
		ADDED from src\main\AndroidManifest.xml:22:22-77
uses-permission#android.permission.ACCESS_FINE_LOCATION
ADDED from src\main\AndroidManifest.xml:25:5-79
	android:name
		ADDED from src\main\AndroidManifest.xml:25:22-76
uses-permission#android.permission.BAIDU_LOCATION_SERVICE
ADDED from src\main\AndroidManifest.xml:26:5-81
	android:name
		ADDED from src\main\AndroidManifest.xml:26:22-78
uses-permission#android.permission.ACCESS_COARSE_LOCATION
ADDED from src\main\AndroidManifest.xml:27:5-81
	android:name
		ADDED from src\main\AndroidManifest.xml:27:22-78
uses-permission#android.permission.ACCESS_GPS
ADDED from src\main\AndroidManifest.xml:28:5-69
	android:name
		ADDED from src\main\AndroidManifest.xml:28:22-66
uses-permission#android.permission.CAMERA
ADDED from src\main\AndroidManifest.xml:30:5-65
MERGED from [:ExBankCardSDK:] AndroidManifest.xml:11:5-65
MERGED from [:ExIDCardSDK:] AndroidManifest.xml:11:5-65
MERGED from [cn.bingoogolapple:bga-photopicker:1.2.3] AndroidManifest.xml:12:5-65
MERGED from [com.sobot.chat:sobotsdk:2.3.0] AndroidManifest.xml:22:5-65
	android:name
		ADDED from src\main\AndroidManifest.xml:30:22-62
uses-permission#android.permission.VIBRATE
ADDED from src\main\AndroidManifest.xml:31:5-66
MERGED from [:ExBankCardSDK:] AndroidManifest.xml:12:5-66
MERGED from [:ExIDCardSDK:] AndroidManifest.xml:12:5-66
MERGED from [com.sobot.chat:sobotsdk:2.3.0] AndroidManifest.xml:20:5-66
	android:name
		ADDED from src\main\AndroidManifest.xml:31:22-63
uses-permission#android.permission.FLASHLIGHT
ADDED from src\main\AndroidManifest.xml:32:5-69
MERGED from [:ExBankCardSDK:] AndroidManifest.xml:13:5-69
MERGED from [:ExIDCardSDK:] AndroidManifest.xml:13:5-69
	android:name
		ADDED from src\main\AndroidManifest.xml:32:22-66
uses-permission#android.permission.READ_CONTACTS
ADDED from src\main\AndroidManifest.xml:33:5-72
	android:name
		ADDED from src\main\AndroidManifest.xml:33:22-69
uses-permission#com.android.browser.permission.READ_HISTORY_BOOKMARKS
ADDED from src\main\AndroidManifest.xml:35:5-93
	android:name
		ADDED from src\main\AndroidManifest.xml:35:22-90
uses-permission#android.permission.BLUETOOTH_ADMIN
ADDED from src\main\AndroidManifest.xml:36:5-74
	android:name
		ADDED from src\main\AndroidManifest.xml:36:22-71
uses-permission#android.permission.BLUETOOTH
ADDED from src\main\AndroidManifest.xml:37:5-68
MERGED from [:ryxdevswiper170907:] AndroidManifest.xml:11:5-68
	android:name
		ADDED from src\main\AndroidManifest.xml:37:22-65
uses-permission#android.permission.RECORD_AUDIO
ADDED from src\main\AndroidManifest.xml:40:5-71
MERGED from [com.sobot.chat:sobotsdk:2.3.0] AndroidManifest.xml:17:5-71
	android:name
		ADDED from src\main\AndroidManifest.xml:40:22-68
uses-permission#android.permission.MODIFY_AUDIO_SETTINGS
ADDED from src\main\AndroidManifest.xml:41:5-80
	android:name
		ADDED from src\main\AndroidManifest.xml:41:22-77
uses-permission#android.permission.ACCESS_DOWNLOAD_MANAGER
ADDED from src\main\AndroidManifest.xml:43:5-82
	android:name
		ADDED from src\main\AndroidManifest.xml:43:22-79
uses-permission#android.permission.ACCESS_NOTIFICATION_POLICY
ADDED from src\main\AndroidManifest.xml:45:5-85
	android:name
		ADDED from src\main\AndroidManifest.xml:45:22-82
uses-feature#android.hardware.camera
ADDED from src\main\AndroidManifest.xml:48:5-50:36
MERGED from [:ExBankCardSDK:] AndroidManifest.xml:17:5-60
MERGED from [:ExIDCardSDK:] AndroidManifest.xml:17:5-60
	android:required
		ADDED from src\main\AndroidManifest.xml:50:9-33
		MERGED from src\main\AndroidManifest.xml:50:9-33
		MERGED from src\main\AndroidManifest.xml:50:9-33
	android:name
		ADDED from src\main\AndroidManifest.xml:49:9-47
uses-feature#android.hardware.camera.autofocus
ADDED from src\main\AndroidManifest.xml:51:5-53:36
MERGED from [:ExBankCardSDK:] AndroidManifest.xml:18:5-70
MERGED from [:ExIDCardSDK:] AndroidManifest.xml:18:5-70
	android:required
		ADDED from src\main\AndroidManifest.xml:53:9-33
		MERGED from src\main\AndroidManifest.xml:53:9-33
		MERGED from src\main\AndroidManifest.xml:53:9-33
	android:name
		ADDED from src\main\AndroidManifest.xml:52:9-57
application
ADDED from src\main\AndroidManifest.xml:55:5-678:19
MERGED from [XianJinDai101:ryxcredit:unspecified] AndroidManifest.xml:11:5-162:19
MERGED from [XianJinDai101:ryxhttp:unspecified] AndroidManifest.xml:11:5-15:19
MERGED from [XianJinDai101:quickAdapter:unspecified] AndroidManifest.xml:11:5-14:19
MERGED from [com.jcodecraeer:xrecyclerview:1.3.2] AndroidManifest.xml:11:5-20
MERGED from [com.android.support:design:24.2.1] AndroidManifest.xml:22:5-20
MERGED from [:pager-bottom-tab-strip-release:] AndroidManifest.xml:11:5-15:19
MERGED from [:PermissionUtils-release:] AndroidManifest.xml:11:5-15:19
MERGED from [:ExBankCardSDK:] AndroidManifest.xml:20:5-25:19
MERGED from [:ExIDCardSDK:] AndroidManifest.xml:20:5-30:19
MERGED from [:keyBoard-release:] AndroidManifest.xml:11:5-21:19
MERGED from [:ryxgesturespswd-release:] AndroidManifest.xml:11:5-15:19
MERGED from [:ryxdevswiper170907:] AndroidManifest.xml:13:5-17:19
MERGED from [:libdevfp-release:] AndroidManifest.xml:17:5-21:19
MERGED from [:ryxpoplib:] AndroidManifest.xml:11:5-12:19
MERGED from [com.isanwenyu.highlight:highlight:1.8.0] AndroidManifest.xml:11:5-14:19
MERGED from [com.zhy:autolayout:1.4.3] AndroidManifest.xml:11:5-14:19
MERGED from [com.android.support:cardview-v7:24.2.1] AndroidManifest.xml:22:5-20
MERGED from [cn.bingoogolapple:bga-photopicker:1.2.3] AndroidManifest.xml:14:5-39:19
MERGED from [com.android.support.constraint:constraint-layout:1.0.2] AndroidManifest.xml:9:5-20
MERGED from [liji.library.dev:citypickerview:1.1.0] AndroidManifest.xml:11:5-17:19
MERGED from [com.android.support:appcompat-v7:25.1.0] AndroidManifest.xml:25:5-20
MERGED from [com.android.support:animated-vector-drawable:25.1.0] AndroidManifest.xml:22:5-20
MERGED from [com.android.support:support-vector-drawable:25.1.0] AndroidManifest.xml:23:5-20
MERGED from [com.sobot.chat:sobotsdk:2.3.0] AndroidManifest.xml:32:5-72:19
MERGED from [com.android.support:support-v4:25.3.1] AndroidManifest.xml:29:5-20
MERGED from [com.android.support:support-fragment:25.3.1] AndroidManifest.xml:29:5-20
MERGED from [com.android.support:support-media-compat:25.3.1] AndroidManifest.xml:29:5-20
MERGED from [com.android.support:support-core-ui:25.3.1] AndroidManifest.xml:29:5-20
MERGED from [com.android.support:support-core-utils:25.3.1] AndroidManifest.xml:29:5-20
MERGED from [com.android.support:support-compat:25.3.1] AndroidManifest.xml:29:5-20
MERGED from [com.antfortune.freeline:runtime-no-op:0.8.7] AndroidManifest.xml:11:5-12:19
	android:label
		ADDED from src\main\AndroidManifest.xml:59:9-41
		REJECTED from [XianJinDai101:ryxcredit:unspecified] AndroidManifest.xml:13:9-41
		REJECTED from [XianJinDai101:ryxhttp:unspecified] AndroidManifest.xml:13:9-41
		REJECTED from [:pager-bottom-tab-strip-release:] AndroidManifest.xml:13:9-41
		REJECTED from [:PermissionUtils-release:] AndroidManifest.xml:13:9-41
		REJECTED from [:ExBankCardSDK:] AndroidManifest.xml:22:9-41
		REJECTED from [:ExIDCardSDK:] AndroidManifest.xml:22:9-41
		REJECTED from [:keyBoard-release:] AndroidManifest.xml:13:9-41
		REJECTED from [:ryxgesturespswd-release:] AndroidManifest.xml:13:9-41
		REJECTED from [:ryxdevswiper170907:] AndroidManifest.xml:15:9-41
		REJECTED from [:libdevfp-release:] AndroidManifest.xml:19:9-41
		REJECTED from [com.isanwenyu.highlight:highlight:1.8.0] AndroidManifest.xml:13:9-41
		REJECTED from [com.zhy:autolayout:1.4.3] AndroidManifest.xml:13:9-41
		REJECTED from [liji.library.dev:citypickerview:1.1.0] AndroidManifest.xml:13:9-41
	android:supportsRtl
		ADDED from src\main\AndroidManifest.xml:60:9-35
	android:allowBackup
		ADDED from src\main\AndroidManifest.xml:57:9-35
	android:icon
		ADDED from src\main\AndroidManifest.xml:58:9-43
	android:theme
		ADDED from src\main\AndroidManifest.xml:61:9-52
	tools:replace
		ADDED from src\main\AndroidManifest.xml:62:9-51
	android:name
		ADDED from src\main\AndroidManifest.xml:56:9-62
meta-data#com.amap.api.v2.apikey
ADDED from src\main\AndroidManifest.xml:63:9-65:48
	android:value
		ADDED from src\main\AndroidManifest.xml:65:13-45
	android:name
		ADDED from src\main\AndroidManifest.xml:64:13-50
meta-data#design_width
ADDED from src\main\AndroidManifest.xml:77:9-79:36
MERGED from [XianJinDai101:ryxcredit:unspecified] AndroidManifest.xml:15:9-17:36
	android:value
		ADDED from src\main\AndroidManifest.xml:79:13-33
	android:name
		ADDED from src\main\AndroidManifest.xml:78:13-40
meta-data#design_height
ADDED from src\main\AndroidManifest.xml:80:9-82:36
MERGED from [XianJinDai101:ryxcredit:unspecified] AndroidManifest.xml:18:9-20:36
	android:value
		ADDED from src\main\AndroidManifest.xml:82:13-33
	android:name
		ADDED from src\main\AndroidManifest.xml:81:13-41
meta-data#UMENG_APPKEY
ADDED from src\main\AndroidManifest.xml:84:9-86:56
	android:value
		ADDED from src\main\AndroidManifest.xml:86:13-53
	android:name
		ADDED from src\main\AndroidManifest.xml:85:13-40
provider#android.support.v4.content.FileProvider
ADDED from src\main\AndroidManifest.xml:88:9-96:20
	android:authorities
		ADDED from src\main\AndroidManifest.xml:90:13-60
		INJECTED from src\main\AndroidManifest.xml
	android:grantUriPermissions
		ADDED from src\main\AndroidManifest.xml:92:13-47
	android:exported
		ADDED from src\main\AndroidManifest.xml:91:13-37
	android:name
		ADDED from src\main\AndroidManifest.xml:89:13-67
meta-data#android.support.FILE_PROVIDER_PATHS
ADDED from src\main\AndroidManifest.xml:93:13-95:58
	android:resource
		ADDED from src\main\AndroidManifest.xml:95:17-55
	android:name
		ADDED from src\main\AndroidManifest.xml:94:17-67
uses-library#android.test.runner
ADDED from src\main\AndroidManifest.xml:98:9-60
	android:name
		ADDED from src\main\AndroidManifest.xml:98:23-57
service#com.amap.api.location.APSService
ADDED from src\main\AndroidManifest.xml:100:9-68
	android:name
		ADDED from src\main\AndroidManifest.xml:100:18-65
activity#com.ryx.payment.ruishua.activity.SplashActivity_
ADDED from src\main\AndroidManifest.xml:102:9-112:20
	android:screenOrientation
		ADDED from src\main\AndroidManifest.xml:105:13-49
	android:configChanges
		ADDED from src\main\AndroidManifest.xml:104:13-74
	android:theme
		ADDED from src\main\AndroidManifest.xml:106:13-52
	android:name
		ADDED from src\main\AndroidManifest.xml:103:13-76
intent-filter#android.intent.action.MAIN+android.intent.category.LAUNCHER
ADDED from src\main\AndroidManifest.xml:107:13-111:29
action#android.intent.action.MAIN
ADDED from src\main\AndroidManifest.xml:108:17-69
	android:name
		ADDED from src\main\AndroidManifest.xml:108:25-66
category#android.intent.category.LAUNCHER
ADDED from src\main\AndroidManifest.xml:110:17-77
	android:name
		ADDED from src\main\AndroidManifest.xml:110:27-74
activity#com.ryx.payment.ruishua.activity.BaseActivity
ADDED from src\main\AndroidManifest.xml:113:9-116:59
	android:label
		ADDED from src\main\AndroidManifest.xml:115:13-56
	android:theme
		ADDED from src\main\AndroidManifest.xml:116:13-56
	android:name
		ADDED from src\main\AndroidManifest.xml:114:13-73
activity#com.ryx.payment.ruishua.bindcard.MyCreditCardActivity_
ADDED from src\main\AndroidManifest.xml:117:9-120:59
	android:label
		ADDED from src\main\AndroidManifest.xml:119:13-56
	android:theme
		ADDED from src\main\AndroidManifest.xml:120:13-56
	android:name
		ADDED from src\main\AndroidManifest.xml:118:13-82
activity#com.ryx.payment.ruishua.usercenter.QuickPayOpenActivity_
ADDED from src\main\AndroidManifest.xml:121:9-124:59
	android:label
		ADDED from src\main\AndroidManifest.xml:123:13-56
	android:theme
		ADDED from src\main\AndroidManifest.xml:124:13-56
	android:name
		ADDED from src\main\AndroidManifest.xml:122:13-84
activity#com.ryx.payment.ruishua.convenience.Swiper_
ADDED from src\main\AndroidManifest.xml:125:9-128:52
	android:screenOrientation
		ADDED from src\main\AndroidManifest.xml:128:13-49
	android:configChanges
		ADDED from src\main\AndroidManifest.xml:127:13-74
	android:name
		ADDED from src\main\AndroidManifest.xml:126:13-71
activity#com.ryx.payment.ruishua.usercenter.LoginActivity_
ADDED from src\main\AndroidManifest.xml:129:9-132:52
	android:screenOrientation
		ADDED from src\main\AndroidManifest.xml:132:13-49
	android:configChanges
		ADDED from src\main\AndroidManifest.xml:131:13-74
	android:name
		ADDED from src\main\AndroidManifest.xml:130:13-77
activity#com.ryx.payment.ruishua.activity.MessageScreenActivity_
ADDED from src\main\AndroidManifest.xml:133:9-136:52
	android:screenOrientation
		ADDED from src\main\AndroidManifest.xml:136:13-49
	android:configChanges
		ADDED from src\main\AndroidManifest.xml:135:13-74
	android:name
		ADDED from src\main\AndroidManifest.xml:134:13-83
activity#com.ryx.payment.ruishua.activity.MainActivity_
ADDED from src\main\AndroidManifest.xml:137:9-140:52
	android:screenOrientation
		ADDED from src\main\AndroidManifest.xml:140:13-49
	android:configChanges
		ADDED from src\main\AndroidManifest.xml:139:13-74
	android:name
		ADDED from src\main\AndroidManifest.xml:138:13-74
activity#com.ryx.payment.ruishua.activity.MessageDetailActiviy_
ADDED from src\main\AndroidManifest.xml:141:9-144:52
	android:screenOrientation
		ADDED from src\main\AndroidManifest.xml:144:13-49
	android:configChanges
		ADDED from src\main\AndroidManifest.xml:143:13-74
	android:name
		ADDED from src\main\AndroidManifest.xml:142:13-82
activity#com.ryx.payment.ruishua.authenticate.UserInfoAddActivity_
ADDED from src\main\AndroidManifest.xml:145:9-148:52
	android:screenOrientation
		ADDED from src\main\AndroidManifest.xml:148:13-49
	android:configChanges
		ADDED from src\main\AndroidManifest.xml:147:13-74
	android:name
		ADDED from src\main\AndroidManifest.xml:146:13-85
activity#com.ryx.payment.ruishua.authenticate.UserAuthPhotoUploadActivity_
ADDED from src\main\AndroidManifest.xml:149:9-152:52
	android:screenOrientation
		ADDED from src\main\AndroidManifest.xml:152:13-49
	android:configChanges
		ADDED from src\main\AndroidManifest.xml:151:13-74
	android:name
		ADDED from src\main\AndroidManifest.xml:150:13-93
activity#com.ryx.payment.ruishua.authenticate.UserAuthenticateSignatureActivity_
ADDED from src\main\AndroidManifest.xml:153:9-156:53
	android:screenOrientation
		ADDED from src\main\AndroidManifest.xml:156:13-50
	android:configChanges
		ADDED from src\main\AndroidManifest.xml:155:13-74
	android:name
		ADDED from src\main\AndroidManifest.xml:154:13-99
activity#com.ryx.payment.ruishua.authenticate.creditcard.CreditCardAuthStep3Activity_
ADDED from src\main\AndroidManifest.xml:157:9-160:52
	android:screenOrientation
		ADDED from src\main\AndroidManifest.xml:160:13-49
	android:configChanges
		ADDED from src\main\AndroidManifest.xml:159:13-74
	android:name
		ADDED from src\main\AndroidManifest.xml:158:13-104
activity#com.ryx.payment.ruishua.authenticate.creditcard.CreditCardAuthStep1Activity_
ADDED from src\main\AndroidManifest.xml:161:9-164:52
	android:screenOrientation
		ADDED from src\main\AndroidManifest.xml:164:13-49
	android:configChanges
		ADDED from src\main\AndroidManifest.xml:163:13-74
	android:name
		ADDED from src\main\AndroidManifest.xml:162:13-104
activity#com.ryx.payment.ruishua.authenticate.creditcard.CreditCardAuthStep2Activity_
ADDED from src\main\AndroidManifest.xml:165:9-168:52
	android:screenOrientation
		ADDED from src\main\AndroidManifest.xml:168:13-49
	android:configChanges
		ADDED from src\main\AndroidManifest.xml:167:13-74
	android:name
		ADDED from src\main\AndroidManifest.xml:166:13-104
activity#com.ryx.payment.ruishua.authenticate.creditcard.CreditCardCheckFailActivity_
ADDED from src\main\AndroidManifest.xml:169:9-172:52
	android:screenOrientation
		ADDED from src\main\AndroidManifest.xml:172:13-49
	android:configChanges
		ADDED from src\main\AndroidManifest.xml:171:13-74
	android:name
		ADDED from src\main\AndroidManifest.xml:170:13-104
activity#com.ryx.payment.ruishua.authenticate.creditcard.CreditCardAuthSuccedActivity_
ADDED from src\main\AndroidManifest.xml:173:9-176:52
	android:screenOrientation
		ADDED from src\main\AndroidManifest.xml:176:13-49
	android:configChanges
		ADDED from src\main\AndroidManifest.xml:175:13-74
	android:name
		ADDED from src\main\AndroidManifest.xml:174:13-105
activity#com.ryx.payment.ruishua.authenticate.creditcard.CreditcardVertifyFailActivity_
ADDED from src\main\AndroidManifest.xml:177:9-180:52
	android:screenOrientation
		ADDED from src\main\AndroidManifest.xml:180:13-49
	android:configChanges
		ADDED from src\main\AndroidManifest.xml:179:13-74
	android:name
		ADDED from src\main\AndroidManifest.xml:178:13-106
activity#com.ryx.payment.ruishua.authenticate.AuthResultActivity_
ADDED from src\main\AndroidManifest.xml:182:9-185:52
	android:screenOrientation
		ADDED from src\main\AndroidManifest.xml:185:13-49
	android:configChanges
		ADDED from src\main\AndroidManifest.xml:184:13-74
	android:name
		ADDED from src\main\AndroidManifest.xml:183:13-84
activity#com.ryx.payment.ruishua.convenience.CreateOrder_
ADDED from src\main\AndroidManifest.xml:186:9-189:52
	android:screenOrientation
		ADDED from src\main\AndroidManifest.xml:189:13-49
	android:configChanges
		ADDED from src\main\AndroidManifest.xml:188:13-74
	android:name
		ADDED from src\main\AndroidManifest.xml:187:13-76
activity#com.ryx.payment.ruishua.convenience.ImPayActivity_
ADDED from src\main\AndroidManifest.xml:190:9-199:20
	android:screenOrientation
		ADDED from src\main\AndroidManifest.xml:193:13-49
	android:configChanges
		ADDED from src\main\AndroidManifest.xml:192:13-74
	android:name
		ADDED from src\main\AndroidManifest.xml:191:13-78
intent-filter#android.intent.category.DEFAULT+com.ryx.credit.swiper
ADDED from src\main\AndroidManifest.xml:194:13-198:29
action#com.ryx.credit.swiper
ADDED from src\main\AndroidManifest.xml:195:17-64
	android:name
		ADDED from src\main\AndroidManifest.xml:195:25-61
category#android.intent.category.DEFAULT
ADDED from src\main\AndroidManifest.xml:197:17-76
	android:name
		ADDED from src\main\AndroidManifest.xml:197:27-73
activity#com.ryx.payment.ruishua.activity.MainFragmentActivity_
ADDED from src\main\AndroidManifest.xml:200:9-204:59
	android:screenOrientation
		ADDED from src\main\AndroidManifest.xml:203:13-49
	android:configChanges
		ADDED from src\main\AndroidManifest.xml:202:13-74
	android:theme
		ADDED from src\main\AndroidManifest.xml:204:13-56
	android:name
		ADDED from src\main\AndroidManifest.xml:201:13-82
activity#com.ryx.payment.ruishua.convenience.CardBalanceResultActivity_
ADDED from src\main\AndroidManifest.xml:206:9-209:52
	android:screenOrientation
		ADDED from src\main\AndroidManifest.xml:209:13-49
	android:configChanges
		ADDED from src\main\AndroidManifest.xml:208:13-74
	android:name
		ADDED from src\main\AndroidManifest.xml:207:13-90
activity#com.ryx.payment.ruishua.usercenter.RegisterEnterMobileMac_
ADDED from src\main\AndroidManifest.xml:210:9-213:52
	android:screenOrientation
		ADDED from src\main\AndroidManifest.xml:213:13-49
	android:configChanges
		ADDED from src\main\AndroidManifest.xml:212:13-74
	android:name
		ADDED from src\main\AndroidManifest.xml:211:13-86
activity#com.ryx.payment.ruishua.usercenter.RegisterEnterPhoneNumber_
ADDED from src\main\AndroidManifest.xml:214:9-217:52
	android:screenOrientation
		ADDED from src\main\AndroidManifest.xml:217:13-49
	android:configChanges
		ADDED from src\main\AndroidManifest.xml:216:13-74
	android:name
		ADDED from src\main\AndroidManifest.xml:215:13-88
activity#com.ryx.payment.ruishua.usercenter.ResetPassword_
ADDED from src\main\AndroidManifest.xml:218:9-221:52
	android:screenOrientation
		ADDED from src\main\AndroidManifest.xml:221:13-49
	android:configChanges
		ADDED from src\main\AndroidManifest.xml:220:13-74
	android:name
		ADDED from src\main\AndroidManifest.xml:219:13-77
activity#com.ryx.payment.ruishua.usercenter.SetPassword_
ADDED from src\main\AndroidManifest.xml:222:9-225:52
	android:screenOrientation
		ADDED from src\main\AndroidManifest.xml:225:13-49
	android:configChanges
		ADDED from src\main\AndroidManifest.xml:224:13-74
	android:name
		ADDED from src\main\AndroidManifest.xml:223:13-75
activity#com.ryx.payment.ruishua.convenience.OrderSignature_
ADDED from src\main\AndroidManifest.xml:226:9-229:53
	android:screenOrientation
		ADDED from src\main\AndroidManifest.xml:229:13-50
	android:configChanges
		ADDED from src\main\AndroidManifest.xml:228:13-74
	android:name
		ADDED from src\main\AndroidManifest.xml:227:13-79
activity#com.ryx.payment.ruishua.usercenter.RegisterSuccess_
ADDED from src\main\AndroidManifest.xml:230:9-233:52
	android:screenOrientation
		ADDED from src\main\AndroidManifest.xml:233:13-49
	android:configChanges
		ADDED from src\main\AndroidManifest.xml:232:13-74
	android:name
		ADDED from src\main\AndroidManifest.xml:231:13-79
activity#com.ryx.payment.ruishua.convenience.PaymentSuccessful_
ADDED from src\main\AndroidManifest.xml:234:9-237:52
	android:screenOrientation
		ADDED from src\main\AndroidManifest.xml:237:13-49
	android:configChanges
		ADDED from src\main\AndroidManifest.xml:236:13-74
	android:name
		ADDED from src\main\AndroidManifest.xml:235:13-82
activity#com.ryx.payment.ruishua.convenience.SignRequisitions_
ADDED from src\main\AndroidManifest.xml:238:9-241:52
	android:screenOrientation
		ADDED from src\main\AndroidManifest.xml:241:13-49
	android:configChanges
		ADDED from src\main\AndroidManifest.xml:240:13-74
	android:name
		ADDED from src\main\AndroidManifest.xml:239:13-81
activity#com.ryx.payment.ruishua.convenience.Cardno_
ADDED from src\main\AndroidManifest.xml:242:9-245:52
	android:screenOrientation
		ADDED from src\main\AndroidManifest.xml:245:13-49
	android:configChanges
		ADDED from src\main\AndroidManifest.xml:244:13-74
	android:name
		ADDED from src\main\AndroidManifest.xml:243:13-71
activity#com.ryx.payment.ruishua.usercenter.BMIncomeAndExpenditureDetails2_
ADDED from src\main\AndroidManifest.xml:246:9-249:52
	android:screenOrientation
		ADDED from src\main\AndroidManifest.xml:249:13-49
	android:configChanges
		ADDED from src\main\AndroidManifest.xml:248:13-74
	android:name
		ADDED from src\main\AndroidManifest.xml:247:13-94
activity#com.ryx.payment.ruishua.usercenter.RegisterAgreement_
ADDED from src\main\AndroidManifest.xml:250:9-253:52
	android:screenOrientation
		ADDED from src\main\AndroidManifest.xml:253:13-49
	android:configChanges
		ADDED from src\main\AndroidManifest.xml:252:13-74
	android:name
		ADDED from src\main\AndroidManifest.xml:251:13-81
activity#com.ryx.payment.ruishua.activity.HtmlMessageActivity_
ADDED from src\main\AndroidManifest.xml:254:9-257:52
	android:screenOrientation
		ADDED from src\main\AndroidManifest.xml:257:13-49
	android:configChanges
		ADDED from src\main\AndroidManifest.xml:256:13-74
	android:name
		ADDED from src\main\AndroidManifest.xml:255:13-81
activity#com.ryx.payment.ruishua.activity.CreditClubActivity_
ADDED from src\main\AndroidManifest.xml:258:9-261:52
	android:screenOrientation
		ADDED from src\main\AndroidManifest.xml:261:13-49
	android:configChanges
		ADDED from src\main\AndroidManifest.xml:260:13-74
	android:name
		ADDED from src\main\AndroidManifest.xml:259:13-80
activity#com.ryx.payment.ruishua.setting.Setting_
ADDED from src\main\AndroidManifest.xml:262:9-265:52
	android:screenOrientation
		ADDED from src\main\AndroidManifest.xml:265:13-49
	android:configChanges
		ADDED from src\main\AndroidManifest.xml:264:13-74
	android:name
		ADDED from src\main\AndroidManifest.xml:263:13-68
activity#com.ryx.payment.ruishua.setting.AboutUs_
ADDED from src\main\AndroidManifest.xml:266:9-269:52
	android:screenOrientation
		ADDED from src\main\AndroidManifest.xml:269:13-49
	android:configChanges
		ADDED from src\main\AndroidManifest.xml:268:13-74
	android:name
		ADDED from src\main\AndroidManifest.xml:267:13-68
activity#com.ryx.payment.ruishua.setting.FeedBack_
ADDED from src\main\AndroidManifest.xml:270:9-273:52
	android:screenOrientation
		ADDED from src\main\AndroidManifest.xml:273:13-49
	android:configChanges
		ADDED from src\main\AndroidManifest.xml:272:13-74
	android:name
		ADDED from src\main\AndroidManifest.xml:271:13-69
activity#com.ryx.payment.ruishua.setting.Update_
ADDED from src\main\AndroidManifest.xml:274:9-277:52
	android:screenOrientation
		ADDED from src\main\AndroidManifest.xml:277:13-49
	android:configChanges
		ADDED from src\main\AndroidManifest.xml:276:13-74
	android:name
		ADDED from src\main\AndroidManifest.xml:275:13-67
activity#com.ryx.payment.ruishua.setting.ChangePassWord_
ADDED from src\main\AndroidManifest.xml:278:9-281:52
	android:screenOrientation
		ADDED from src\main\AndroidManifest.xml:281:13-49
	android:configChanges
		ADDED from src\main\AndroidManifest.xml:280:13-74
	android:name
		ADDED from src\main\AndroidManifest.xml:279:13-75
activity#com.ryx.payment.ruishua.usercenter.DetailsTabMainActivity_
ADDED from src\main\AndroidManifest.xml:282:9-285:52
	android:screenOrientation
		ADDED from src\main\AndroidManifest.xml:285:13-49
	android:configChanges
		ADDED from src\main\AndroidManifest.xml:284:13-74
	android:name
		ADDED from src\main\AndroidManifest.xml:283:13-86
activity#com.ryx.payment.ruishua.usercenter.DeviceList_
ADDED from src\main\AndroidManifest.xml:286:9-289:52
	android:screenOrientation
		ADDED from src\main\AndroidManifest.xml:289:13-49
	android:configChanges
		ADDED from src\main\AndroidManifest.xml:288:13-74
	android:name
		ADDED from src\main\AndroidManifest.xml:287:13-74
activity#com.ryx.payment.ruishua.activity.GuideActivity_
ADDED from src\main\AndroidManifest.xml:290:9-293:52
	android:screenOrientation
		ADDED from src\main\AndroidManifest.xml:293:13-49
	android:configChanges
		ADDED from src\main\AndroidManifest.xml:292:13-74
	android:name
		ADDED from src\main\AndroidManifest.xml:291:13-75
activity#com.ryx.payment.ruishua.bindcard.BindDebitCardActivity_
ADDED from src\main\AndroidManifest.xml:294:9-297:52
	android:screenOrientation
		ADDED from src\main\AndroidManifest.xml:297:13-49
	android:configChanges
		ADDED from src\main\AndroidManifest.xml:296:13-74
	android:name
		ADDED from src\main\AndroidManifest.xml:295:13-83
activity#com.ryx.payment.ruishua.bindcard.BindDebitCardInfoAddActivity_
ADDED from src\main\AndroidManifest.xml:298:9-301:52
	android:screenOrientation
		ADDED from src\main\AndroidManifest.xml:301:13-49
	android:configChanges
		ADDED from src\main\AndroidManifest.xml:300:13-74
	android:name
		ADDED from src\main\AndroidManifest.xml:299:13-90
activity#com.ryx.payment.ruishua.bindcard.BindedDebitCardListActivity_
ADDED from src\main\AndroidManifest.xml:302:9-305:52
	android:screenOrientation
		ADDED from src\main\AndroidManifest.xml:305:13-49
	android:configChanges
		ADDED from src\main\AndroidManifest.xml:304:13-74
	android:name
		ADDED from src\main\AndroidManifest.xml:303:13-89
activity#com.ryx.payment.ruishua.activity.MoreActivity_
ADDED from src\main\AndroidManifest.xml:306:9-309:52
	android:screenOrientation
		ADDED from src\main\AndroidManifest.xml:309:13-49
	android:configChanges
		ADDED from src\main\AndroidManifest.xml:308:13-74
	android:name
		ADDED from src\main\AndroidManifest.xml:307:13-74
activity#com.ryx.payment.ruishua.recharge.FlowActivity_
ADDED from src\main\AndroidManifest.xml:310:9-313:52
	android:screenOrientation